[0.480s] Invoking command in '/home/subarick/ros2_ws/src/mypkg': PYTHONPATH=/home/subarick/ros2_ws/src/mypkg/build/mypkg/prefix_override:/home/subarick/ros2_ws/src/mypkg/install/mypkg/lib/python3.10/site-packages:${PYTHONPATH} /usr/bin/python3 setup.py egg_info --egg-base build/mypkg build --build-base /home/subarick/ros2_ws/src/mypkg/build/mypkg/build install --record /home/subarick/ros2_ws/src/mypkg/build/mypkg/install.log --single-version-externally-managed
[0.640s] running egg_info
[0.641s] creating build/mypkg/mypkg.egg-info
[0.641s] writing build/mypkg/mypkg.egg-info/PKG-INFO
[0.641s] writing dependency_links to build/mypkg/mypkg.egg-info/dependency_links.txt
[0.641s] writing entry points to build/mypkg/mypkg.egg-info/entry_points.txt
[0.642s] writing requirements to build/mypkg/mypkg.egg-info/requires.txt
[0.642s] writing top-level names to build/mypkg/mypkg.egg-info/top_level.txt
[0.642s] writing manifest file 'build/mypkg/mypkg.egg-info/SOURCES.txt'
[0.643s] reading manifest file 'build/mypkg/mypkg.egg-info/SOURCES.txt'
[0.644s] writing manifest file 'build/mypkg/mypkg.egg-info/SOURCES.txt'
[0.644s] running build
[0.644s] running build_py
[0.644s] creating /home/subarick/ros2_ws/src/mypkg/build/mypkg/build
[0.644s] creating /home/subarick/ros2_ws/src/mypkg/build/mypkg/build/lib
[0.645s] creating /home/subarick/ros2_ws/src/mypkg/build/mypkg/build/lib/mypkg
[0.645s] copying mypkg/__init__.py -> /home/subarick/ros2_ws/src/mypkg/build/mypkg/build/lib/mypkg
[0.645s] running install
[0.645s] /usr/lib/python3/dist-packages/setuptools/command/install.py:34: SetuptoolsDeprecationWarning: setup.py install is deprecated. Use build and pip and other standards-based tools.
[0.645s]   warnings.warn(
[0.645s] running install_lib
[0.646s] creating /home/subarick/ros2_ws/src/mypkg/install/mypkg/lib/python3.10/site-packages/mypkg
[0.646s] copying /home/subarick/ros2_ws/src/mypkg/build/mypkg/build/lib/mypkg/__init__.py -> /home/subarick/ros2_ws/src/mypkg/install/mypkg/lib/python3.10/site-packages/mypkg
[0.647s] byte-compiling /home/subarick/ros2_ws/src/mypkg/install/mypkg/lib/python3.10/site-packages/mypkg/__init__.py to __init__.cpython-310.pyc
[0.647s] running install_data
[0.647s] creating /home/subarick/ros2_ws/src/mypkg/install/mypkg/share/ament_index
[0.647s] creating /home/subarick/ros2_ws/src/mypkg/install/mypkg/share/ament_index/resource_index
[0.647s] creating /home/subarick/ros2_ws/src/mypkg/install/mypkg/share/ament_index/resource_index/packages
[0.648s] copying resource/mypkg -> /home/subarick/ros2_ws/src/mypkg/install/mypkg/share/ament_index/resource_index/packages
[0.648s] copying package.xml -> /home/subarick/ros2_ws/src/mypkg/install/mypkg/share/mypkg
[0.648s] running install_egg_info
[0.649s] Copying build/mypkg/mypkg.egg-info to /home/subarick/ros2_ws/src/mypkg/install/mypkg/lib/python3.10/site-packages/mypkg-0.0.0-py3.10.egg-info
[0.650s] running install_scripts
[0.664s] writing list of installed files to '/home/subarick/ros2_ws/src/mypkg/build/mypkg/install.log'
[0.680s] Invoked command in '/home/subarick/ros2_ws/src/mypkg' returned '0': PYTHONPATH=/home/subarick/ros2_ws/src/mypkg/build/mypkg/prefix_override:/home/subarick/ros2_ws/src/mypkg/install/mypkg/lib/python3.10/site-packages:${PYTHONPATH} /usr/bin/python3 setup.py egg_info --egg-base build/mypkg build --build-base /home/subarick/ros2_ws/src/mypkg/build/mypkg/build install --record /home/subarick/ros2_ws/src/mypkg/build/mypkg/install.log --single-version-externally-managed
